2016-10-21 16:36:04,615 - user_api.py - DEBUG - 生成ssh key， 并设置authorized_keys
2016-10-21 17:00:59,522 - perm_api.py - DEBUG - 生成res: []
2016-10-21 17:01:13,554 - perm_api.py - DEBUG - 生成res: []
2016-10-21 17:01:18,186 - perm_api.py - DEBUG - 生成res: []
2016-10-21 17:01:18,433 - perm_api.py - DEBUG - 生成res: []
2016-10-22 01:00:01,900 - perm_api.py - DEBUG - 生成res: []
2016-10-22 01:00:01,903 - ansible_api.py - DEBUG - {'dark': {}, 'contacted': {}}
2016-10-22 01:00:01,904 - asset_api.py - DEBUG - 获取硬件信息: {'dark': {}, 'contacted': {}}
2016-10-23 01:00:01,865 - perm_api.py - DEBUG - 生成res: []
2016-10-23 01:00:01,867 - ansible_api.py - DEBUG - {'dark': {}, 'contacted': {}}
2016-10-23 01:00:01,868 - asset_api.py - DEBUG - 获取硬件信息: {'dark': {}, 'contacted': {}}
2016-10-24 01:00:02,083 - perm_api.py - DEBUG - 生成res: []
2016-10-24 01:00:02,086 - ansible_api.py - DEBUG - {'dark': {}, 'contacted': {}}
2016-10-24 01:00:02,086 - asset_api.py - DEBUG - 获取硬件信息: {'dark': {}, 'contacted': {}}
2016-10-25 01:00:02,081 - perm_api.py - DEBUG - 生成res: []
2016-10-25 01:00:02,083 - ansible_api.py - DEBUG - {'dark': {}, 'contacted': {}}
2016-10-25 01:00:02,083 - asset_api.py - DEBUG - 获取硬件信息: {'dark': {}, 'contacted': {}}
2016-10-26 01:00:03,403 - perm_api.py - DEBUG - 生成res: []
2016-10-26 01:00:03,464 - ansible_api.py - DEBUG - {'dark': {}, 'contacted': {}}
2016-10-26 01:00:03,464 - asset_api.py - DEBUG - 获取硬件信息: {'dark': {}, 'contacted': {}}
2016-10-27 01:00:01,537 - perm_api.py - DEBUG - 生成res: []
2016-10-27 01:00:01,539 - ansible_api.py - DEBUG - {'dark': {}, 'contacted': {}}
2016-10-27 01:00:01,540 - asset_api.py - DEBUG - 获取硬件信息: {'dark': {}, 'contacted': {}}
2016-10-28 01:00:01,855 - perm_api.py - DEBUG - 生成res: []
2016-10-28 01:00:01,858 - ansible_api.py - DEBUG - {'dark': {}, 'contacted': {}}
2016-10-28 01:00:01,858 - asset_api.py - DEBUG - 获取硬件信息: {'dark': {}, 'contacted': {}}
2016-10-29 01:00:01,462 - perm_api.py - DEBUG - 生成res: []
2016-10-29 01:00:01,465 - ansible_api.py - DEBUG - {'dark': {}, 'contacted': {}}
2016-10-29 01:00:01,465 - asset_api.py - DEBUG - 获取硬件信息: {'dark': {}, 'contacted': {}}
2016-10-30 01:00:01,604 - perm_api.py - DEBUG - 生成res: []
2016-10-30 01:00:01,607 - ansible_api.py - DEBUG - {'dark': {}, 'contacted': {}}
2016-10-30 01:00:01,607 - asset_api.py - DEBUG - 获取硬件信息: {'dark': {}, 'contacted': {}}
2016-10-31 01:00:02,337 - perm_api.py - DEBUG - 生成res: []
2016-10-31 01:00:02,340 - ansible_api.py - DEBUG - {'dark': {}, 'contacted': {}}
2016-10-31 01:00:02,341 - asset_api.py - DEBUG - 获取硬件信息: {'dark': {}, 'contacted': {}}
2016-11-01 01:00:02,098 - perm_api.py - DEBUG - 生成res: []
2016-11-01 01:00:02,101 - ansible_api.py - DEBUG - {'dark': {}, 'contacted': {}}
2016-11-01 01:00:02,101 - asset_api.py - DEBUG - 获取硬件信息: {'dark': {}, 'contacted': {}}
2016-11-02 01:00:02,087 - perm_api.py - DEBUG - 生成res: []
2016-11-02 01:00:02,089 - ansible_api.py - DEBUG - {'dark': {}, 'contacted': {}}
2016-11-02 01:00:02,089 - asset_api.py - DEBUG - 获取硬件信息: {'dark': {}, 'contacted': {}}
2016-11-03 01:00:01,871 - perm_api.py - DEBUG - 生成res: []
2016-11-03 01:00:01,873 - ansible_api.py - DEBUG - {'dark': {}, 'contacted': {}}
2016-11-03 01:00:01,873 - asset_api.py - DEBUG - 获取硬件信息: {'dark': {}, 'contacted': {}}
2016-11-04 01:00:02,007 - perm_api.py - DEBUG - 生成res: []
2016-11-04 01:00:02,010 - ansible_api.py - DEBUG - {'dark': {}, 'contacted': {}}
2016-11-04 01:00:02,010 - asset_api.py - DEBUG - 获取硬件信息: {'dark': {}, 'contacted': {}}
2016-11-05 01:00:02,142 - perm_api.py - DEBUG - 生成res: []
2016-11-05 01:00:02,144 - ansible_api.py - DEBUG - {'dark': {}, 'contacted': {}}
2016-11-05 01:00:02,144 - asset_api.py - DEBUG - 获取硬件信息: {'dark': {}, 'contacted': {}}
2016-11-06 01:00:02,205 - perm_api.py - DEBUG - 生成res: []
2016-11-06 01:00:02,208 - ansible_api.py - DEBUG - {'dark': {}, 'contacted': {}}
2016-11-06 01:00:02,208 - asset_api.py - DEBUG - 获取硬件信息: {'dark': {}, 'contacted': {}}
2016-11-07 01:00:01,672 - perm_api.py - DEBUG - 生成res: []
2016-11-07 01:00:01,675 - ansible_api.py - DEBUG - {'dark': {}, 'contacted': {}}
2016-11-07 01:00:01,675 - asset_api.py - DEBUG - 获取硬件信息: {'dark': {}, 'contacted': {}}
2017-01-03 14:00:01,974 - perm_api.py - DEBUG - 生成res: [{'username': u'zhengxin', 'ip': u'10.0.15.8', 'password': 'r\x03\xe6/\'\xce\xf4\xc7\xf3\x16\xa1\xad\xb1\xbb\x1eU\xd9S"\xa0L~\xc1h#\xc7\xf9c \xceM\xc0', 'hostname': u'10.0.15.8', 'port': 2222}, {'username': u'hlqy2016', 'ip': u'10.0.15.17', 'password': '\x11b\x0c\xc7\xcf\x90\x8f\xdd0\xed\xe5\x034\xc8w\xac\x86_\x80\x01?^`{\xc5\xca\xf2\xd4q@\xdc@', 'hostname': u'10.0.15.17', 'port': 2222}]
2017-01-03 14:00:12,177 - ansible_api.py - DEBUG - {'dark': {u'10.0.15.17': {'msg': 'FAILED: timed out', 'failed': True}, u'10.0.15.8': {'msg': 'FAILED: timed out', 'failed': True}}, 'contacted': {}}
2017-01-03 14:00:12,178 - asset_api.py - DEBUG - 获取硬件信息: {'dark': {u'10.0.15.17': {'msg': 'FAILED: timed out', 'failed': True}, u'10.0.15.8': {'msg': 'FAILED: timed out', 'failed': True}}, 'contacted': {}}
2017-01-03 14:00:12,178 - asset_api.py - ERROR - 获取setup_info失败: u'10.0.15.8'
2017-01-03 14:00:12,179 - asset_api.py - ERROR - 获取setup_info失败: u'10.0.15.17'
